<?xml version="1.0" encoding="UTF-8"?>
<!-- Generated by org.testng.reporters.JUnitReportReporter -->
<testsuite skipped="0" hostname="MININT-R9EAPGQ" name="tests.basic.TestTemplate" tests="1" failures="0" timestamp="07 אוק 2020 17:59:45 GMT" time="9.897" errors="0">
  <testcase name="test" time="9.897" classname="tests.basic.TestTemplate"/>
</testsuite> <!-- tests.basic.TestTemplate -->
